<?xml version="1.0" encoding="UTF-8" ?>
<testsuite failures="0" time="0.412" errors="0" skipped="0" tests="14" name="test.tinyuml.draw.AbstractNodeTest">
  <properties>
[...]
</properties>
  <testcase time="0.036" classname="test.tinyuml.draw.AbstractNodeTest" name="testIntersects"/>
  <testcase time="0.001" classname="test.tinyuml.draw.AbstractNodeTest" name="testGetAbsoluteCenter"/>
  <testcase time="0" classname="test.tinyuml.draw.AbstractNodeTest" name="testGetAbsoluteX1Y1"/>
  <testcase time="0.037" classname="test.tinyuml.draw.AbstractNodeTest" name="testIsVisible"/>
  <testcase time="0.02" classname="test.tinyuml.draw.AbstractNodeTest" name="testSelection"/>
  <testcase time="0.058" classname="test.tinyuml.draw.AbstractNodeTest" name="testSetSizeUpdatesSelection"/>
  <testcase time="0" classname="test.tinyuml.draw.AbstractNodeTest" name="testIntersectsWithLine2D"/>
  <testcase time="0.001" classname="test.tinyuml.draw.AbstractNodeTest" name="testCalculateIntersection"/>
  <testcase time="0.034" classname="test.tinyuml.draw.AbstractNodeTest" name="testConnections"/>
  <testcase time="0" classname="test.tinyuml.draw.AbstractNodeTest" name="testInitial"/>
  <testcase time="0.001" classname="test.tinyuml.draw.AbstractNodeTest" name="testClone"/>
  <testcase time="0" classname="test.tinyuml.draw.AbstractNodeTest" name="testSetters"/>
  <testcase time="0.001" classname="test.tinyuml.draw.AbstractNodeTest" name="testContains"/>
  <testcase time="0.004" classname="test.tinyuml.draw.AbstractNodeTest" name="testNodeChangeListenerNotification"/>
</testsuite>